make: ディレクトリ '/home/user/c-modernization-kit/framework/testfw'　に入ります
make -C libsrc
make[1]: ディレクトリ '/home/user/c-modernization-kit/framework/testfw/libsrc' に入ります
make -C wrapmain/
make[2]: ディレクトリ '/home/user/c-modernization-kit/framework/testfw/libsrc/wrapmain' に入ります
mkdir -p /home/user/c-modernization-kit/framework/testfw/lib/linux_el8_x64
ar rvs /home/user/c-modernization-kit/framework/testfw/lib/linux_el8_x64/libwrapmain.a ./obj/wrapmain.o
ar: /home/user/c-modernization-kit/framework/testfw/lib/linux_el8_x64/libwrapmain.a を作成しています
a - ./obj/wrapmain.o
make[2]: ディレクトリ '/home/user/c-modernization-kit/framework/testfw/libsrc/wrapmain' から出ます
make -C testfw_gtest_main/
make[2]: ディレクトリ '/home/user/c-modernization-kit/framework/testfw/libsrc/testfw_gtest_main' に入ります
ar rvs /home/user/c-modernization-kit/framework/testfw/lib/linux_el8_x64/libtestfw_gtest_main.a ./obj/testfw_gtest_main.o
ar: /home/user/c-modernization-kit/framework/testfw/lib/linux_el8_x64/libtestfw_gtest_main.a を作成しています
a - ./obj/testfw_gtest_main.o
make[2]: ディレクトリ '/home/user/c-modernization-kit/framework/testfw/libsrc/testfw_gtest_main' から出ます
make -C test_com/
make[2]: ディレクトリ '/home/user/c-modernization-kit/framework/testfw/libsrc/test_com' に入ります
ar rvs /home/user/c-modernization-kit/framework/testfw/lib/linux_el8_x64/libtest_com.a ./obj/allocprintf.o ./obj/assertionutil.o ./obj/consoleUtf8.o ./obj/processController.o ./obj/processController_linux.o ./obj/processController_windows.o ./obj/sharedLibrary.o ./obj/traceLevel.o ./obj/workspaceutil.o
ar: /home/user/c-modernization-kit/framework/testfw/lib/linux_el8_x64/libtest_com.a を作成しています
a - ./obj/allocprintf.o
a - ./obj/assertionutil.o
a - ./obj/consoleUtf8.o
a - ./obj/processController.o
a - ./obj/processController_linux.o
a - ./obj/processController_windows.o
a - ./obj/sharedLibrary.o
a - ./obj/traceLevel.o
a - ./obj/workspaceutil.o
make[2]: ディレクトリ '/home/user/c-modernization-kit/framework/testfw/libsrc/test_com' から出ます
make -C gtest_wrapmain/
make[2]: ディレクトリ '/home/user/c-modernization-kit/framework/testfw/libsrc/gtest_wrapmain' に入ります
ar rvs /home/user/c-modernization-kit/framework/testfw/lib/linux_el8_x64/libgtest_wrapmain.a ./obj/gtest_wrapmain.o
ar: /home/user/c-modernization-kit/framework/testfw/lib/linux_el8_x64/libgtest_wrapmain.a を作成しています
a - ./obj/gtest_wrapmain.o
make[2]: ディレクトリ '/home/user/c-modernization-kit/framework/testfw/libsrc/gtest_wrapmain' から出ます
make -C mock_libssh/
make[2]: ディレクトリ '/home/user/c-modernization-kit/framework/testfw/libsrc/mock_libssh' に入ります
ar rvs /home/user/c-modernization-kit/framework/testfw/lib/linux_el8_x64/libmock_libssh.a ./obj/mock_libssh.o ./obj/mock_sftp.o ./obj/mock_ssh_auth.o ./obj/mock_ssh_channel.o ./obj/mock_ssh_error.o ./obj/mock_ssh_key.o ./obj/mock_ssh_session.o
ar: /home/user/c-modernization-kit/framework/testfw/lib/linux_el8_x64/libmock_libssh.a を作成しています
a - ./obj/mock_libssh.o
a - ./obj/mock_sftp.o
a - ./obj/mock_ssh_auth.o
a - ./obj/mock_ssh_channel.o
a - ./obj/mock_ssh_error.o
a - ./obj/mock_ssh_key.o
a - ./obj/mock_ssh_session.o
make[2]: ディレクトリ '/home/user/c-modernization-kit/framework/testfw/libsrc/mock_libssh' から出ます
make -C mock_syslog/
make[2]: ディレクトリ '/home/user/c-modernization-kit/framework/testfw/libsrc/mock_syslog' に入ります
gcc -shared -o /home/user/c-modernization-kit/framework/testfw/lib/linux_el8_x64/libmock_syslog.so ./obj/mock_syslog.o -lstdc++fs
make[2]: ディレクトリ '/home/user/c-modernization-kit/framework/testfw/libsrc/mock_syslog' から出ます
make -C mock_libc/
make[2]: ディレクトリ '/home/user/c-modernization-kit/framework/testfw/libsrc/mock_libc' に入ります
ar rvs /home/user/c-modernization-kit/framework/testfw/lib/linux_el8_x64/libmock_libc.a ./obj/mock_GetSystemTimeAsFileTime.o ./obj/mock_GetTickCount64.o ./obj/mock__wfopen_s.o ./obj/mock_access.o ./obj/mock_calloc.o ./obj/mock_clock_gettime.o ./obj/mock_fclose.o ./obj/mock_fflush.o ./obj/mock_fgets.o ./obj/mock_fopen.o ./obj/mock_fopen_s.o ./obj/mock_fork.o ./obj/mock_fprintf.o ./obj/mock_getenv.o ./obj/mock_gmtime_r.o ./obj/mock_gmtime_s.o ./obj/mock_memset.o ./obj/mock_mkstemp.o ./obj/mock_printf.o ./obj/mock_scanf.o ./obj/mock_stat.o ./obj/mock_stdio.o ./obj/mock_stdlib.o ./obj/mock_string.o ./obj/mock_sys_stat.o ./obj/mock_sys_wait.o ./obj/mock_time.o ./obj/mock_unistd.o ./obj/mock_vfprintf.o ./obj/mock_waitpid.o ./obj/mock_windows.o
ar: /home/user/c-modernization-kit/framework/testfw/lib/linux_el8_x64/libmock_libc.a を作成しています
a - ./obj/mock_GetSystemTimeAsFileTime.o
a - ./obj/mock_GetTickCount64.o
a - ./obj/mock__wfopen_s.o
a - ./obj/mock_access.o
a - ./obj/mock_calloc.o
a - ./obj/mock_clock_gettime.o
a - ./obj/mock_fclose.o
a - ./obj/mock_fflush.o
a - ./obj/mock_fgets.o
a - ./obj/mock_fopen.o
a - ./obj/mock_fopen_s.o
a - ./obj/mock_fork.o
a - ./obj/mock_fprintf.o
a - ./obj/mock_getenv.o
a - ./obj/mock_gmtime_r.o
a - ./obj/mock_gmtime_s.o
a - ./obj/mock_memset.o
a - ./obj/mock_mkstemp.o
a - ./obj/mock_printf.o
a - ./obj/mock_scanf.o
a - ./obj/mock_stat.o
a - ./obj/mock_stdio.o
a - ./obj/mock_stdlib.o
a - ./obj/mock_string.o
a - ./obj/mock_sys_stat.o
a - ./obj/mock_sys_wait.o
a - ./obj/mock_time.o
a - ./obj/mock_unistd.o
a - ./obj/mock_vfprintf.o
a - ./obj/mock_waitpid.o
a - ./obj/mock_windows.o
make[2]: ディレクトリ '/home/user/c-modernization-kit/framework/testfw/libsrc/mock_libc' から出ます
make[1]: ディレクトリ '/home/user/c-modernization-kit/framework/testfw/libsrc' から出ます
make: ディレクトリ '/home/user/c-modernization-kit/framework/testfw' から出ます
